Unity Editor version:    2020.3.27f1 (e759542391ea)
Branch:                  2020.3/release
Build type:              Release
Batch mode:              YES
macOS version:           Version 11.6.8 (Build 20G730)
Darwin version:          20.6.0
Architecture:            x86_64
Running under Rosetta:   NO
Available memory:        16384 MB
Using pre-set license
Pro License: NO

COMMAND LINE ARGUMENTS:
/Applications/2020.3.27f1/Unity.app/Contents/MacOS/Unity
-adb2
-batchMode
-noUpm
-name
AssetImportWorker0
-projectPath
/Users/game1/Desktop/Bunny Ball
-logFile
Logs/AssetImportWorker0.log
-srvPort
55904
Successfully changed project path to: /Users/game1/Desktop/Bunny Ball
/Users/game1/Desktop/Bunny Ball
Using Asset Import Pipeline V2.
Refreshing native plugins compatible for Editor in 25.13 ms, found 2 plugins.
Preloading 0 native plugins for Editor in 0.00 ms.
Initialize engine version: 2020.3.27f1 (e759542391ea)
[Subsystems] Discovering subsystems at path /Applications/2020.3.27f1/Unity.app/Contents/Resources/UnitySubsystems
[Subsystems] Discovering subsystems at path /Users/game1/Desktop/Bunny Ball/Assets
GfxDevice: creating device client; threaded=0
2024-05-16 08:53:31.024 Unity[28688:1490901] iMac preferred device: AMD Radeon Pro 5500 XT (high power)
2024-05-16 08:53:31.024 Unity[28688:1490901] Metal devices available: 1
2024-05-16 08:53:31.024 Unity[28688:1490901] 0: AMD Radeon Pro 5500 XT (high power)
2024-05-16 08:53:31.025 Unity[28688:1490901] Using device AMD Radeon Pro 5500 XT (high power)
Initializing Metal device caps: AMD Radeon Pro 5500 XT
Initialize mono
Mono path[0] = '/Applications/2020.3.27f1/Unity.app/Contents/Managed'
Mono path[1] = '/Applications/2020.3.27f1/Unity.app/Contents/MonoBleedingEdge/lib/mono/unityjit'
Mono config path = '/Applications/2020.3.27f1/Unity.app/Contents/MonoBleedingEdge/etc'
Using monoOptions --debugger-agent=transport=dt_socket,embedding=1,server=y,suspend=n,address=127.0.0.1:56688
Begin MonoManager ReloadAssembly
Registering precompiled unity dll's ...
Register platform support module: /Applications/2020.3.27f1/Unity.app/Contents/PlaybackEngines/MacStandaloneSupport/UnityEditor.OSXStandalone.Extensions.dll
Registered in 0.000458 seconds.
Native extension for OSXStandalone target not found
Refreshing native plugins compatible for Editor in 24.17 ms, found 2 plugins.
Preloading 0 native plugins for Editor in 0.00 ms.
Mono: successfully reloaded assembly
- Completed reload, in  0.512 seconds
Domain Reload Profiling:
	ReloadAssembly (512ms)
		BeginReloadAssembly (36ms)
			ExecutionOrderSort (0ms)
			DisableScriptedObjects (0ms)
			BackupInstance (0ms)
			ReleaseScriptingObjects (0ms)
			CreateAndSetChildDomain (1ms)
		EndReloadAssembly (410ms)
			LoadAssemblies (36ms)
			RebuildTransferFunctionScriptingTraits (0ms)
			SetupTypeCache (158ms)
			ReleaseScriptCaches (0ms)
			RebuildScriptCaches (32ms)
			SetupLoadedEditorAssemblies (148ms)
				LogAssemblyErrors (0ms)
				InitializePlatformSupportModulesInManaged (4ms)
				SetLoadedEditorAssemblies (0ms)
				RefreshPlugins (24ms)
				BeforeProcessingInitializeOnLoad (7ms)
				ProcessInitializeOnLoadAttributes (88ms)
				ProcessInitializeOnLoadMethodAttributes (25ms)
				AfterProcessingInitializeOnLoad (0ms)
				EditorAssembliesLoaded (0ms)
			ExecutionOrderSort2 (0ms)
			AwakeInstancesAfterBackupRestoration (0ms)
Platform modules already initialized, skipping
Registering precompiled user dll's ...
Registered in 0.001539 seconds.
Begin MonoManager ReloadAssembly
Native extension for OSXStandalone target not found
Refreshing native plugins compatible for Editor in 0.31 ms, found 2 plugins.
Preloading 0 native plugins for Editor in 0.00 ms.
Mono: successfully reloaded assembly
- Completed reload, in  0.935 seconds
Domain Reload Profiling:
	ReloadAssembly (935ms)
		BeginReloadAssembly (135ms)
			ExecutionOrderSort (0ms)
			DisableScriptedObjects (4ms)
			BackupInstance (0ms)
			ReleaseScriptingObjects (0ms)
			CreateAndSetChildDomain (27ms)
		EndReloadAssembly (744ms)
			LoadAssemblies (62ms)
			RebuildTransferFunctionScriptingTraits (0ms)
			SetupTypeCache (292ms)
			ReleaseScriptCaches (0ms)
			RebuildScriptCaches (49ms)
			SetupLoadedEditorAssemblies (246ms)
				LogAssemblyErrors (0ms)
				InitializePlatformSupportModulesInManaged (3ms)
				SetLoadedEditorAssemblies (0ms)
				RefreshPlugins (0ms)
				BeforeProcessingInitializeOnLoad (40ms)
				ProcessInitializeOnLoadAttributes (192ms)
				ProcessInitializeOnLoadMethodAttributes (8ms)
				AfterProcessingInitializeOnLoad (1ms)
				EditorAssembliesLoaded (0ms)
			ExecutionOrderSort2 (0ms)
			AwakeInstancesAfterBackupRestoration (6ms)
Platform modules already initialized, skipping
Validating Project structure ... 0.001449 seconds.
Shader import version has changed; will reimport all shaders...
Upgrading shader files ...0.001695 seconds.
Application.AssetDatabase Initial Script Refresh Start
RefreshInfo: InitialScriptRefreshV2(NoUpdateAssetOptions) scanfilter:  ... 1 filters
RefreshProfiler: Total: 0.000ms
Application.AssetDatabase Initial Script Refresh End
Application.AssetDatabase.Refresh Start
Application.AssetDatabase.Refresh End
RefreshInfo: StopAssetImportingV2(ForceSynchronousImport) scanfilter: 
RefreshProfiler: Total: 0.000ms
Launching external process: /Applications/2020.3.27f1/Unity.app/Contents/Tools/UnityShaderCompiler
Launched and connected shader compiler UnityShaderCompiler after 0.01 seconds
Initializing Unity extensions:
========================================================================
Worker process is ready to serve import requests
Refreshing native plugins compatible for Editor in 0.19 ms, found 2 plugins.
Preloading 0 native plugins for Editor in 0.00 ms.
Unloading 1660 Unused Serialized files (Serialized files now loaded: 0)
System memory in use before: 184.7 MB.
System memory in use after: 183.8 MB.

Unloading 132 unused Assets to reduce memory usage. Loaded Objects now: 2132.
Total: 2.560719 ms (FindLiveObjects: 0.113657 ms CreateObjectMapping: 0.045526 ms MarkObjects: 1.998546 ms  DeleteObjects: 0.402320 ms)

AssetImportParameters requested are different than current active one (requested -> active):
  custom:video-decoder-ogg-theora: a1e56fd34408186e4bbccfd4996cb3dc -> 
  custom:container-muxer-webm: aa71ff27fc2769a1b78a27578f13a17b -> 
  custom:container-demuxer-webm: 4f35f7cbe854078d1ac9338744f61a02 -> 
  custom:container-demuxer-ogg: 62fdf1f143b41e24485cea50d1cbac27 -> 
  custom:video-encoder-webm-vp8: eb34c28f22e8b96e1ab97ce403110664 -> 
  custom:framework-osx-AVFoundation: e770b220cccbd017edd2c1fefb359320 -> 
  custom:video-decoder-webm-vp8: 9c59270c3fd7afecdb556c50c9e8de78 -> 
  custom:audio-decoder-ogg-vorbis: bf7c407c2cedff20999df2af8eb42d56 -> 
  custom:audio-encoder-webm-vorbis: bf7c407c2cedff20999df2af8eb42d56 -> 
========================================================================
Received Import Request.
  path: Assets/Art/Textures/DarkPathTurn.jpg
  artifactKey: Guid(93eb2ff8ce9ee5546a3cc580f3c6ad3b) Importer(815301076,1909f56bfc062723c751e8b465ee728b)
Start importing Assets/Art/Textures/DarkPathTurn.jpg using Guid(93eb2ff8ce9ee5546a3cc580f3c6ad3b) Importer(815301076,1909f56bfc062723c751e8b465ee728b)  -> (artifact id: 'efe0f38404b92915f0cc7bdda212e006') in 0.759518 seconds 
  Import took 0.764846 seconds .

========================================================================
Received Import Request.
  Time since last request: 0.000155 seconds.
  path: Assets/SimpleParticlePack/Resources/Explosions/ShockFlash.prefab
  artifactKey: Guid(9f38591bb6b3f4bae89cf8f5b4091217) Importer(815301076,1909f56bfc062723c751e8b465ee728b)
Start importing Assets/SimpleParticlePack/Resources/Explosions/ShockFlash.prefab using Guid(9f38591bb6b3f4bae89cf8f5b4091217) Importer(815301076,1909f56bfc062723c751e8b465ee728b)  -> (artifact id: '4a7d57d52bb9abea303cb5401b3c36a4') in 0.782368 seconds 
  Import took 0.786300 seconds .

========================================================================
Received Import Request.
  Time since last request: 0.000208 seconds.
  path: Assets/SimpleParticlePack/Textures/ShockWave.psd
  artifactKey: Guid(e12f8e30c9a7e49a589559cf53454a29) Importer(815301076,1909f56bfc062723c751e8b465ee728b)
Start importing Assets/SimpleParticlePack/Textures/ShockWave.psd using Guid(e12f8e30c9a7e49a589559cf53454a29) Importer(815301076,1909f56bfc062723c751e8b465ee728b)  -> (artifact id: 'dce921602ba9aa5600c130c66f08f3da') in 0.664398 seconds 
  Import took 0.670693 seconds .

========================================================================
Received Import Request.
  Time since last request: 0.000214 seconds.
  path: Assets/Art/Textures/Materials/DarkConcrete.mat
  artifactKey: Guid(e18f01babf070df43bf158ef5c2dcde7) Importer(815301076,1909f56bfc062723c751e8b465ee728b)
Start importing Assets/Art/Textures/Materials/DarkConcrete.mat using Guid(e18f01babf070df43bf158ef5c2dcde7) Importer(815301076,1909f56bfc062723c751e8b465ee728b)  -> (artifact id: '25fa02eaaa9d8010f388e9494bb1c413') in 0.245979 seconds 
  Import took 0.249613 seconds .

========================================================================
Received Import Request.
  Time since last request: 0.000197 seconds.
  path: Assets/SimpleParticlePack/Materials/Shockwave.mat
  artifactKey: Guid(f2bffbeb094e1415586c0fdcaa089b71) Importer(815301076,1909f56bfc062723c751e8b465ee728b)
Start importing Assets/SimpleParticlePack/Materials/Shockwave.mat using Guid(f2bffbeb094e1415586c0fdcaa089b71) Importer(815301076,1909f56bfc062723c751e8b465ee728b)  -> (artifact id: '1494dd822d16239f6d8f0badef735c00') in 0.093919 seconds 
  Import took 0.096010 seconds .

========================================================================
Received Import Request.
  Time since last request: 0.000149 seconds.
  path: Assets/Materials/Bricks.mat
  artifactKey: Guid(cf0fda37d44c6ab4aaa93f4e99314712) Importer(815301076,1909f56bfc062723c751e8b465ee728b)
Start importing Assets/Materials/Bricks.mat using Guid(cf0fda37d44c6ab4aaa93f4e99314712) Importer(815301076,1909f56bfc062723c751e8b465ee728b)  -> (artifact id: '46847ffafca77c308f0da9cf4c1bad99') in 0.007824 seconds 
  Import took 0.009919 seconds .

========================================================================
Received Import Request.
  Time since last request: 0.000134 seconds.
  path: Assets/Art/Textures/Materials/BrickWall.mat
  artifactKey: Guid(4a5c88b961aabca40b4f40c90b45affd) Importer(815301076,1909f56bfc062723c751e8b465ee728b)
Start importing Assets/Art/Textures/Materials/BrickWall.mat using Guid(4a5c88b961aabca40b4f40c90b45affd) Importer(815301076,1909f56bfc062723c751e8b465ee728b)  -> (artifact id: '705527120a38a0264422f05559707226') in 0.007808 seconds 
  Import took 0.009896 seconds .

========================================================================
Received Import Request.
  Time since last request: 0.000140 seconds.
  path: Assets/Art/Textures/BrickWall.jpg
  artifactKey: Guid(276d006da86ea3b4c915edca5f4a96ad) Importer(815301076,1909f56bfc062723c751e8b465ee728b)
Start importing Assets/Art/Textures/BrickWall.jpg using Guid(276d006da86ea3b4c915edca5f4a96ad) Importer(815301076,1909f56bfc062723c751e8b465ee728b)  -> (artifact id: 'fc24b21ebf69bfb2c8ec98b83514f2b9') in 0.006434 seconds 
  Import took 0.008780 seconds .

========================================================================
Received Import Request.
  Time since last request: 0.000143 seconds.
  path: Assets/Materials/Key.mat
  artifactKey: Guid(9229796c0c3ccc74191a9747c8e64e29) Importer(815301076,1909f56bfc062723c751e8b465ee728b)
Start importing Assets/Materials/Key.mat using Guid(9229796c0c3ccc74191a9747c8e64e29) Importer(815301076,1909f56bfc062723c751e8b465ee728b)  -> (artifact id: 'f1db1bcb8c1bc1224b3d6aeccc4ffb28') in 0.007152 seconds 
  Import took 0.009259 seconds .

========================================================================
Received Import Request.
  Time since last request: 0.000145 seconds.
  path: Assets/Art/Textures/DarkConcrete.jpg
  artifactKey: Guid(2a984ec76110f874ca80a35d820dbdfb) Importer(815301076,1909f56bfc062723c751e8b465ee728b)
Start importing Assets/Art/Textures/DarkConcrete.jpg using Guid(2a984ec76110f874ca80a35d820dbdfb) Importer(815301076,1909f56bfc062723c751e8b465ee728b)  -> (artifact id: '1cfd399b6a7a81d122e0cfc5a66a72eb') in 0.006491 seconds 
  Import took 0.008467 seconds .

========================================================================
Received Import Request.
  Time since last request: 0.000145 seconds.
  path: Assets/SimpleParticlePack/Resources/Explosions/ShockFlame.prefab
  artifactKey: Guid(57137b89e09584e3e839655c51e6f042) Importer(815301076,1909f56bfc062723c751e8b465ee728b)
Start importing Assets/SimpleParticlePack/Resources/Explosions/ShockFlame.prefab using Guid(57137b89e09584e3e839655c51e6f042) Importer(815301076,1909f56bfc062723c751e8b465ee728b)  -> (artifact id: 'f4e6833ca5fb3e76e74a7fa68a4cadf7') in 0.007691 seconds 
  Import took 0.009944 seconds .

AssetImportWorkerClient::OnTransportError - code=2 error=End of file
